LaMetric Icon Scraper - Full Database
=====================================

Resuming: 15693 icons already scraped
Estimated pages: 863
Starting from page: 196

Page 196: +0 new icons (80 returned)
Page 200: +80 new icons (80 returned)
[1:45:06 PM] Saved: 16013/69007 icons (23.2%)
[1:45:12 PM] Saved: 16412/69007 icons (23.8%)
Page 210: +80 new icons (80 returned)
[1:45:18 PM] Saved: 16804/69007 icons (24.4%)
[1:45:24 PM] Saved: 17204/69007 icons (24.9%)
Page 220: +80 new icons (80 returned)
[1:45:31 PM] Saved: 17604/69007 icons (25.5%)
[1:45:38 PM] Saved: 18004/69007 icons (26.1%)
Page 230: +80 new icons (80 returned)
[1:45:44 PM] Saved: 18404/69007 icons (26.7%)
[1:45:52 PM] Saved: 18804/69007 icons (27.2%)
Page 240: +80 new icons (80 returned)
[1:45:59 PM] Saved: 19204/69007 icons (27.8%)
[1:46:05 PM] Saved: 19604/69007 icons (28.4%)
Page 250: +80 new icons (80 returned)
[1:46:11 PM] Saved: 20004/69007 icons (29.0%)
[1:46:18 PM] Saved: 20404/69007 icons (29.6%)
Page 260: +80 new icons (80 returned)
[1:46:24 PM] Saved: 20804/69007 icons (30.1%)
[1:46:31 PM] Saved: 21204/69007 icons (30.7%)
Page 270: +80 new icons (80 returned)
[1:46:38 PM] Saved: 21604/69007 icons (31.3%)
[1:46:44 PM] Saved: 21992/69007 icons (31.9%)
Page 280: +80 new icons (80 returned)
[1:46:51 PM] Saved: 22385/69007 icons (32.4%)
[1:46:57 PM] Saved: 22785/69007 icons (33.0%)
Page 290: +80 new icons (80 returned)
[1:47:04 PM] Saved: 23185/69007 icons (33.6%)
[1:47:10 PM] Saved: 23585/69007 icons (34.2%)
Page 300: +80 new icons (80 returned)
[1:47:17 PM] Saved: 23985/69007 icons (34.8%)
[1:47:24 PM] Saved: 24385/69007 icons (35.3%)
Page 310: +80 new icons (80 returned)
[1:47:31 PM] Saved: 24785/69007 icons (35.9%)
[1:47:38 PM] Saved: 25185/69007 icons (36.5%)
Page 320: +80 new icons (80 returned)
[1:47:44 PM] Saved: 25585/69007 icons (37.1%)
[1:47:51 PM] Saved: 25985/69007 icons (37.7%)
Page 330: +80 new icons (80 returned)
[1:47:58 PM] Saved: 26385/69007 icons (38.2%)
[1:48:05 PM] Saved: 26785/69007 icons (38.8%)
Page 340: +80 new icons (80 returned)
[1:48:12 PM] Saved: 27185/69007 icons (39.4%)
[1:48:19 PM] Saved: 27585/69007 icons (40.0%)
Page 350: +80 new icons (80 returned)
[1:48:26 PM] Saved: 27985/69007 icons (40.6%)
[1:48:31 PM] Saved: 28385/69007 icons (41.1%)
Page 360: +80 new icons (80 returned)
[1:48:37 PM] Saved: 28785/69007 icons (41.7%)
[1:48:44 PM] Saved: 29185/69007 icons (42.3%)
Page 370: +80 new icons (80 returned)
[1:48:51 PM] Saved: 29585/69007 icons (42.9%)
[1:48:58 PM] Saved: 29985/69007 icons (43.5%)
Page 380: +80 new icons (80 returned)
[1:49:05 PM] Saved: 30385/69007 icons (44.0%)
[1:49:11 PM] Saved: 30785/69007 icons (44.6%)
Page 390: +80 new icons (80 returned)
[1:49:18 PM] Saved: 31185/69007 icons (45.2%)
[1:49:26 PM] Saved: 31585/69007 icons (45.8%)
Page 400: +80 new icons (80 returned)
[1:49:32 PM] Saved: 31985/69007 icons (46.4%)
[1:49:38 PM] Saved: 32385/69007 icons (46.9%)
Page 410: +80 new icons (80 returned)
[1:49:45 PM] Saved: 32785/69007 icons (47.5%)
[1:49:51 PM] Saved: 33185/69007 icons (48.1%)
Page 420: +78 new icons (78 returned)
[1:49:58 PM] Saved: 33563/69007 icons (48.6%)
[1:50:05 PM] Saved: 33963/69007 icons (49.2%)
Page 430: +80 new icons (80 returned)
[1:50:12 PM] Saved: 34363/69007 icons (49.8%)
[1:50:19 PM] Saved: 34763/69007 icons (50.4%)
Page 440: +80 new icons (80 returned)
[1:50:25 PM] Saved: 35163/69007 icons (51.0%)
[1:50:33 PM] Saved: 35563/69007 icons (51.5%)
Page 450: +80 new icons (80 returned)
[1:50:40 PM] Saved: 35963/69007 icons (52.1%)
[1:50:46 PM] Saved: 36363/69007 icons (52.7%)
Page 460: +80 new icons (80 returned)
[1:50:54 PM] Saved: 36763/69007 icons (53.3%)
[1:51:01 PM] Saved: 37163/69007 icons (53.9%)
Page 470: +80 new icons (80 returned)
[1:51:07 PM] Saved: 37563/69007 icons (54.4%)
[1:51:14 PM] Saved: 37963/69007 icons (55.0%)
Page 480: +80 new icons (80 returned)
[1:51:21 PM] Saved: 38363/69007 icons (55.6%)
[1:51:28 PM] Saved: 38763/69007 icons (56.2%)
Page 490: +80 new icons (80 returned)
[1:51:35 PM] Saved: 39163/69007 icons (56.8%)
[1:51:42 PM] Saved: 39563/69007 icons (57.3%)
Page 500: +80 new icons (80 returned)
[1:51:48 PM] Saved: 39963/69007 icons (57.9%)
[1:51:55 PM] Saved: 40363/69007 icons (58.5%)
Page 510: +80 new icons (80 returned)
[1:52:02 PM] Saved: 40763/69007 icons (59.1%)
[1:52:09 PM] Saved: 41163/69007 icons (59.7%)
Page 520: +80 new icons (80 returned)
[1:52:16 PM] Saved: 41563/69007 icons (60.2%)
[1:52:22 PM] Saved: 41963/69007 icons (60.8%)
Page 530: +80 new icons (80 returned)
[1:52:30 PM] Saved: 42363/69007 icons (61.4%)
[1:52:37 PM] Saved: 42763/69007 icons (62.0%)
Page 540: +80 new icons (80 returned)
[1:52:44 PM] Saved: 43163/69007 icons (62.5%)
[1:52:51 PM] Saved: 43563/69007 icons (63.1%)
Page 550: +80 new icons (80 returned)
[1:52:58 PM] Saved: 43963/69007 icons (63.7%)
[1:53:05 PM] Saved: 44363/69007 icons (64.3%)
Page 560: +80 new icons (80 returned)
[1:53:12 PM] Saved: 44763/69007 icons (64.9%)
[1:53:19 PM] Saved: 45163/69007 icons (65.4%)
Page 570: +80 new icons (80 returned)
[1:53:25 PM] Saved: 45563/69007 icons (66.0%)
[1:53:33 PM] Saved: 45963/69007 icons (66.6%)
Page 580: +80 new icons (80 returned)
[1:53:40 PM] Saved: 46363/69007 icons (67.2%)
[1:53:46 PM] Saved: 46763/69007 icons (67.8%)
Page 590: +80 new icons (80 returned)
[1:53:53 PM] Saved: 47163/69007 icons (68.3%)
[1:54:01 PM] Saved: 47562/69007 icons (68.9%)
Page 600: +80 new icons (80 returned)
[1:54:08 PM] Saved: 47962/69007 icons (69.5%)
[1:54:15 PM] Saved: 48362/69007 icons (70.1%)
Page 610: +80 new icons (80 returned)
[1:54:22 PM] Saved: 48762/69007 icons (70.7%)
[1:54:30 PM] Saved: 49162/69007 icons (71.2%)
Page 620: +80 new icons (80 returned)
[1:54:36 PM] Saved: 49562/69007 icons (71.8%)
[1:54:42 PM] Saved: 49962/69007 icons (72.4%)
Page 630: +80 new icons (80 returned)
[1:54:49 PM] Saved: 50362/69007 icons (73.0%)
[1:54:57 PM] Saved: 50762/69007 icons (73.6%)
Page 640: +80 new icons (80 returned)
[1:55:03 PM] Saved: 51162/69007 icons (74.1%)
[1:55:11 PM] Saved: 51562/69007 icons (74.7%)
Page 650: +80 new icons (80 returned)
[1:55:18 PM] Saved: 51962/69007 icons (75.3%)
[1:55:25 PM] Saved: 52362/69007 icons (75.9%)
Page 660: +80 new icons (80 returned)
[1:55:33 PM] Saved: 52762/69007 icons (76.5%)
[1:55:40 PM] Saved: 53162/69007 icons (77.0%)
Page 670: +80 new icons (80 returned)
[1:55:47 PM] Saved: 53562/69007 icons (77.6%)
[1:55:55 PM] Saved: 53962/69007 icons (78.2%)
Page 680: +80 new icons (80 returned)
[1:56:02 PM] Saved: 54362/69007 icons (78.8%)
[1:56:10 PM] Saved: 54762/69007 icons (79.4%)
Page 690: +80 new icons (80 returned)
[1:56:17 PM] Saved: 55162/69007 icons (79.9%)
[1:56:25 PM] Saved: 55562/69007 icons (80.5%)
Page 700: +80 new icons (80 returned)
[1:56:33 PM] Saved: 55962/69007 icons (81.1%)
[1:56:40 PM] Saved: 56362/69007 icons (81.7%)
Page 710: +80 new icons (80 returned)
[1:56:47 PM] Saved: 56762/69007 icons (82.3%)
[1:56:54 PM] Saved: 57162/69007 icons (82.8%)
Page 720: +80 new icons (80 returned)
[1:57:02 PM] Saved: 57562/69007 icons (83.4%)
[1:57:09 PM] Saved: 57962/69007 icons (84.0%)
Page 730: +80 new icons (80 returned)
[1:57:16 PM] Saved: 58362/69007 icons (84.6%)
[1:57:24 PM] Saved: 58762/69007 icons (85.2%)
Page 740: +80 new icons (80 returned)
[1:57:31 PM] Saved: 59162/69007 icons (85.7%)
[1:57:38 PM] Saved: 59562/69007 icons (86.3%)
Page 750: +80 new icons (80 returned)
[1:57:46 PM] Saved: 59962/69007 icons (86.9%)
[1:57:53 PM] Saved: 60362/69007 icons (87.5%)
Page 760: +80 new icons (80 returned)
[1:58:00 PM] Saved: 60762/69007 icons (88.1%)
[1:58:07 PM] Saved: 61162/69007 icons (88.6%)
Page 770: +80 new icons (80 returned)
[1:58:15 PM] Saved: 61562/69007 icons (89.2%)
[1:58:22 PM] Saved: 61962/69007 icons (89.8%)
Page 780: +80 new icons (80 returned)
[1:58:30 PM] Saved: 62362/69007 icons (90.4%)
[1:58:38 PM] Saved: 62762/69007 icons (91.0%)
Page 790: +80 new icons (80 returned)
[1:58:45 PM] Saved: 63162/69007 icons (91.5%)
[1:58:53 PM] Saved: 63562/69007 icons (92.1%)
Page 800: +80 new icons (80 returned)
[1:59:01 PM] Saved: 63962/69007 icons (92.7%)
[1:59:08 PM] Saved: 64362/69007 icons (93.3%)
Page 810: +80 new icons (80 returned)
[1:59:16 PM] Saved: 64762/69007 icons (93.8%)
[1:59:23 PM] Saved: 65162/69007 icons (94.4%)
Page 820: +80 new icons (80 returned)
[1:59:32 PM] Saved: 65562/69007 icons (95.0%)
[1:59:40 PM] Saved: 65962/69007 icons (95.6%)
Page 830: +80 new icons (80 returned)
[1:59:48 PM] Saved: 66362/69007 icons (96.2%)
[1:59:56 PM] Saved: 66762/69007 icons (96.7%)
Page 840: +80 new icons (80 returned)
[2:00:04 PM] Saved: 67162/69007 icons (97.3%)
[2:00:12 PM] Saved: 67562/69007 icons (97.9%)
Page 850: +80 new icons (80 returned)
[2:00:20 PM] Saved: 67962/69007 icons (98.5%)
[2:00:27 PM] Saved: 68362/69007 icons (99.1%)
Page 860: +78 new icons (78 returned)
[2:00:35 PM] Saved: 68748/69007 icons (99.6%)
[2:00:39 PM] Saved: 68864/69007 icons (99.8%)

=====================================
SCRAPING COMPLETE
=====================================
Total scraped: 68864 / 69007

By category:
  indicators_notifications : 13921 icons
  others                   : 13621 icons
  animals                  : 9245 icons
  logos                    : 7324 icons
  letters_numbers          : 6150 icons
  environment              : 5454 icons
  games                    : 3534 icons
  emoji                    : 3016 icons
  flags                    : 1587 icons
  sport                    : 1408 icons
  cartoons_movies          : 1156 icons
  holidays                 : 944 icons
  food                     : 863 icons
  social                   : 302 icons
  my                       : 282 icons
